<?xml version="1.0" encoding="UTF-8"?>
<!-- Generated by org.testng.reporters.JUnitReportReporter -->
<testsuite skipped="0" hostname="ASDP1510_PO01976" name="com.gmail.testScripts.Test_LoginPage" tests="3" failures="0" timestamp="19 Jul 2019 08:39:18 GMT" time="34.410" errors="0">
  <testcase name="userEntersCorrectCredentials" time="10.807" classname="com.gmail.testScripts.Test_LoginPage"/>
  <testcase name="userEntersInvalidUserName" time="9.932" classname="com.gmail.testScripts.Test_LoginPage"/>
  <testcase name="userEntersValidUserNameButInvalidPassword" time="13.671" classname="com.gmail.testScripts.Test_LoginPage"/>
</testsuite> <!-- com.gmail.testScripts.Test_LoginPage -->
